[0.223s] DEBUG:colcon:Command line arguments: ['/usr/bin/colcon', 'build', '--symlink-install']
[0.223s] DEBUG:colcon:Parsed command line arguments: Namespace(allow_overriding=[], ament_cmake_args=None, base_paths=['.'], build_base='build', catkin_cmake_args=None, catkin_skip_building_tests=False, cmake_args=None, cmake_clean_cache=False, cmake_clean_first=False, cmake_force_configure=False, cmake_target=None, cmake_target_skip_unavailable=False, continue_on_error=False, event_handlers=None, executor='parallel', ignore_user_meta=False, install_base='install', log_base=None, log_level=None, main=<bound method BuildVerb.main of <colcon_core.verb.build.BuildVerb object at 0x7fdbc560cc40>>, merge_install=False, metas=['./colcon.meta'], packages_above=None, packages_above_and_dependencies=None, packages_above_depth=None, packages_end=None, packages_ignore=None, packages_ignore_regex=None, packages_select=None, packages_select_build_failed=False, packages_select_by_dep=None, packages_select_regex=None, packages_select_test_failures=False, packages_skip=None, packages_skip_build_finished=False, packages_skip_by_dep=None, packages_skip_regex=None, packages_skip_test_passed=False, packages_skip_up_to=None, packages_start=None, packages_up_to=None, packages_up_to_regex=None, parallel_workers=8, paths=None, symlink_install=True, test_result_base=None, verb_extension=<colcon_core.verb.build.BuildVerb object at 0x7fdbc560cc40>, verb_name='build', verb_parser=<colcon_defaults.argument_parser.defaults.DefaultArgumentsDecorator object at 0x7fdbc5618400>)
[0.398s] Level 1:colcon.colcon_core.package_discovery:discover_packages(colcon_meta) check parameters
[0.398s] Level 1:colcon.colcon_core.package_discovery:discover_packages(recursive) check parameters
[0.398s] Level 1:colcon.colcon_core.package_discovery:discover_packages(ignore) check parameters
[0.398s] Level 1:colcon.colcon_core.package_discovery:discover_packages(path) check parameters
[0.398s] Level 1:colcon.colcon_core.package_discovery:discover_packages(colcon_meta) discover
[0.398s] Level 1:colcon.colcon_core.package_discovery:discover_packages(recursive) discover
[0.399s] INFO:colcon.colcon_core.package_discovery:Crawling recursively for packages in '/home/hyeonjoonpark/busan_ws'
[0.399s] Level 1:colcon.colcon_core.package_identification:_identify(.) by extensions ['ignore', 'ignore_ament_install']
[0.399s] Level 1:colcon.colcon_core.package_identification:_identify(.) by extension 'ignore'
[0.399s] Level 1:colcon.colcon_core.package_identification:_identify(.) by extension 'ignore_ament_install'
[0.399s] Level 1:colcon.colcon_core.package_identification:_identify(.) by extensions ['colcon_pkg']
[0.399s] Level 1:colcon.colcon_core.package_identification:_identify(.) by extension 'colcon_pkg'
[0.399s] Level 1:colcon.colcon_core.package_identification:_identify(.) by extensions ['colcon_meta']
[0.399s] Level 1:colcon.colcon_core.package_identification:_identify(.) by extension 'colcon_meta'
[0.399s] Level 1:colcon.colcon_core.package_identification:_identify(.) by extensions ['ros']
[0.399s] Level 1:colcon.colcon_core.package_identification:_identify(.) by extension 'ros'
[0.421s] Level 1:colcon.colcon_core.package_identification:_identify(.) by extensions ['cmake', 'python']
[0.421s] Level 1:colcon.colcon_core.package_identification:_identify(.) by extension 'cmake'
[0.421s] Level 1:colcon.colcon_core.package_identification:_identify(.) by extension 'python'
[0.421s] Level 1:colcon.colcon_core.package_identification:_identify(.) by extensions ['python_setup_py']
[0.421s] Level 1:colcon.colcon_core.package_identification:_identify(.) by extension 'python_setup_py'
[0.421s] Level 1:colcon.colcon_core.package_identification:_identify(build) by extensions ['ignore', 'ignore_ament_install']
[0.421s] Level 1:colcon.colcon_core.package_identification:_identify(build) by extension 'ignore'
[0.421s] Level 1:colcon.colcon_core.package_identification:_identify(build) ignored
[0.421s] Level 1:colcon.colcon_core.package_identification:_identify(install) by extensions ['ignore', 'ignore_ament_install']
[0.422s] Level 1:colcon.colcon_core.package_identification:_identify(install) by extension 'ignore'
[0.422s] Level 1:colcon.colcon_core.package_identification:_identify(install) ignored
[0.422s] Level 1:colcon.colcon_core.package_identification:_identify(log) by extensions ['ignore', 'ignore_ament_install']
[0.422s] Level 1:colcon.colcon_core.package_identification:_identify(log) by extension 'ignore'
[0.422s] Level 1:colcon.colcon_core.package_identification:_identify(log) ignored
[0.422s] Level 1:colcon.colcon_core.package_identification:_identify(src) by extensions ['ignore', 'ignore_ament_install']
[0.422s] Level 1:colcon.colcon_core.package_identification:_identify(src) by extension 'ignore'
[0.422s] Level 1:colcon.colcon_core.package_identification:_identify(src) by extension 'ignore_ament_install'
[0.422s] Level 1:colcon.colcon_core.package_identification:_identify(src) by extensions ['colcon_pkg']
[0.422s] Level 1:colcon.colcon_core.package_identification:_identify(src) by extension 'colcon_pkg'
[0.422s] Level 1:colcon.colcon_core.package_identification:_identify(src) by extensions ['colcon_meta']
[0.422s] Level 1:colcon.colcon_core.package_identification:_identify(src) by extension 'colcon_meta'
[0.422s] Level 1:colcon.colcon_core.package_identification:_identify(src) by extensions ['ros']
[0.422s] Level 1:colcon.colcon_core.package_identification:_identify(src) by extension 'ros'
[0.422s] Level 1:colcon.colcon_core.package_identification:_identify(src) by extensions ['cmake', 'python']
[0.422s] Level 1:colcon.colcon_core.package_identification:_identify(src) by extension 'cmake'
[0.422s] Level 1:colcon.colcon_core.package_identification:_identify(src) by extension 'python'
[0.422s] Level 1:colcon.colcon_core.package_identification:_identify(src) by extensions ['python_setup_py']
[0.422s] Level 1:colcon.colcon_core.package_identification:_identify(src) by extension 'python_setup_py'
[0.422s] Level 1:colcon.colcon_core.package_identification:_identify(src/my_pkg) by extensions ['ignore', 'ignore_ament_install']
[0.423s] Level 1:colcon.colcon_core.package_identification:_identify(src/my_pkg) by extension 'ignore'
[0.423s] Level 1:colcon.colcon_core.package_identification:_identify(src/my_pkg) by extension 'ignore_ament_install'
[0.423s] Level 1:colcon.colcon_core.package_identification:_identify(src/my_pkg) by extensions ['colcon_pkg']
[0.423s] Level 1:colcon.colcon_core.package_identification:_identify(src/my_pkg) by extension 'colcon_pkg'
[0.423s] Level 1:colcon.colcon_core.package_identification:_identify(src/my_pkg) by extensions ['colcon_meta']
[0.423s] Level 1:colcon.colcon_core.package_identification:_identify(src/my_pkg) by extension 'colcon_meta'
[0.423s] Level 1:colcon.colcon_core.package_identification:_identify(src/my_pkg) by extensions ['ros']
[0.423s] Level 1:colcon.colcon_core.package_identification:_identify(src/my_pkg) by extension 'ros'
[0.426s] DEBUG:colcon.colcon_core.package_identification:Package 'src/my_pkg' with type 'ros.ament_python' and name 'my_pkg'
[0.426s] Level 1:colcon.colcon_core.package_discovery:discover_packages(recursive) using defaults
[0.426s] Level 1:colcon.colcon_core.package_discovery:discover_packages(ignore) discover
[0.426s] Level 1:colcon.colcon_core.package_discovery:discover_packages(ignore) using defaults
[0.426s] Level 1:colcon.colcon_core.package_discovery:discover_packages(path) discover
[0.426s] Level 1:colcon.colcon_core.package_discovery:discover_packages(path) using defaults
[0.453s] Level 1:colcon.colcon_core.package_discovery:discover_packages(prefix_path) check parameters
[0.453s] Level 1:colcon.colcon_core.package_discovery:discover_packages(prefix_path) discover
[0.456s] DEBUG:colcon.colcon_installed_package_information.package_discovery:Found 268 installed packages in /opt/ros/galactic
[0.457s] Level 1:colcon.colcon_core.package_discovery:discover_packages(prefix_path) using defaults
[0.525s] Level 5:colcon.colcon_core.verb:set package 'my_pkg' build argument 'cmake_args' from command line to 'None'
[0.525s] Level 5:colcon.colcon_core.verb:set package 'my_pkg' build argument 'cmake_target' from command line to 'None'
[0.525s] Level 5:colcon.colcon_core.verb:set package 'my_pkg' build argument 'cmake_target_skip_unavailable' from command line to 'False'
[0.525s] Level 5:colcon.colcon_core.verb:set package 'my_pkg' build argument 'cmake_clean_cache' from command line to 'False'
[0.525s] Level 5:colcon.colcon_core.verb:set package 'my_pkg' build argument 'cmake_clean_first' from command line to 'False'
[0.525s] Level 5:colcon.colcon_core.verb:set package 'my_pkg' build argument 'cmake_force_configure' from command line to 'False'
[0.525s] Level 5:colcon.colcon_core.verb:set package 'my_pkg' build argument 'ament_cmake_args' from command line to 'None'
[0.525s] Level 5:colcon.colcon_core.verb:set package 'my_pkg' build argument 'catkin_cmake_args' from command line to 'None'
[0.525s] Level 5:colcon.colcon_core.verb:set package 'my_pkg' build argument 'catkin_skip_building_tests' from command line to 'False'
[0.525s] DEBUG:colcon.colcon_core.verb:Building package 'my_pkg' with the following arguments: {'ament_cmake_args': None, 'build_base': '/home/hyeonjoonpark/busan_ws/build/my_pkg', 'catkin_cmake_args': None, 'catkin_skip_building_tests': False, 'cmake_args': None, 'cmake_clean_cache': False, 'cmake_clean_first': False, 'cmake_force_configure': False, 'cmake_target': None, 'cmake_target_skip_unavailable': False, 'install_base': '/home/hyeonjoonpark/busan_ws/install/my_pkg', 'merge_install': False, 'path': '/home/hyeonjoonpark/busan_ws/src/my_pkg', 'symlink_install': True, 'test_result_base': None}
[0.526s] INFO:colcon.colcon_core.executor:Executing jobs using 'parallel' executor
[0.527s] DEBUG:colcon.colcon_parallel_executor.executor.parallel:run_until_complete
[0.527s] INFO:colcon.colcon_ros.task.ament_python.build:Building ROS package in '/home/hyeonjoonpark/busan_ws/src/my_pkg' with build type 'ament_python'
[0.527s] Level 1:colcon.colcon_core.shell:create_environment_hook('my_pkg', 'ament_prefix_path')
[0.530s] INFO:colcon.colcon_core.plugin_system:Skipping extension 'colcon_core.shell.bat': Not used on non-Windows systems
[0.530s] INFO:colcon.colcon_core.shell:Creating environment hook '/home/hyeonjoonpark/busan_ws/install/my_pkg/share/my_pkg/hook/ament_prefix_path.ps1'
[0.531s] INFO:colcon.colcon_core.shell:Creating environment descriptor '/home/hyeonjoonpark/busan_ws/install/my_pkg/share/my_pkg/hook/ament_prefix_path.dsv'
[0.531s] INFO:colcon.colcon_core.shell:Creating environment hook '/home/hyeonjoonpark/busan_ws/install/my_pkg/share/my_pkg/hook/ament_prefix_path.sh'
[0.532s] INFO:colcon.colcon_core.shell:Skip shell extension 'powershell' for command environment: Not usable outside of PowerShell
[0.532s] DEBUG:colcon.colcon_core.shell:Skip shell extension 'dsv' for command environment
[0.782s] INFO:colcon.colcon_core.task.python.build:Building Python package in '/home/hyeonjoonpark/busan_ws/src/my_pkg'
[0.782s] INFO:colcon.colcon_core.shell:Skip shell extension 'powershell' for command environment: Not usable outside of PowerShell
[0.782s] DEBUG:colcon.colcon_core.shell:Skip shell extension 'dsv' for command environment
[1.198s] DEBUG:colcon.colcon_core.event_handler.log_command:Invoking command in '/home/hyeonjoonpark/busan_ws/build/my_pkg': PYTHONPATH=/home/hyeonjoonpark/busan_ws/build/my_pkg/prefix_override:/home/hyeonjoonpark/busan_ws/install/my_pkg/lib/python3.8/site-packages:${PYTHONPATH} /usr/bin/python3 -W ignore:setup.py install is deprecated setup.py develop --editable --build-directory /home/hyeonjoonpark/busan_ws/build/my_pkg/build --no-deps symlink_data
[1.702s] Level 1:colcon.colcon_core.shell:create_environment_hook('my_pkg', 'pythonpath_develop')
[1.703s] INFO:colcon.colcon_core.shell:Creating environment hook '/home/hyeonjoonpark/busan_ws/build/my_pkg/share/my_pkg/hook/pythonpath_develop.ps1'
[1.704s] DEBUG:colcon.colcon_core.event_handler.log_command:Invoked command in '/home/hyeonjoonpark/busan_ws/build/my_pkg' returned '0': PYTHONPATH=/home/hyeonjoonpark/busan_ws/build/my_pkg/prefix_override:/home/hyeonjoonpark/busan_ws/install/my_pkg/lib/python3.8/site-packages:${PYTHONPATH} /usr/bin/python3 -W ignore:setup.py install is deprecated setup.py develop --editable --build-directory /home/hyeonjoonpark/busan_ws/build/my_pkg/build --no-deps symlink_data
[1.704s] INFO:colcon.colcon_core.shell:Creating environment descriptor '/home/hyeonjoonpark/busan_ws/build/my_pkg/share/my_pkg/hook/pythonpath_develop.dsv'
[1.704s] INFO:colcon.colcon_core.shell:Creating environment hook '/home/hyeonjoonpark/busan_ws/build/my_pkg/share/my_pkg/hook/pythonpath_develop.sh'
[1.709s] Level 1:colcon.colcon_core.environment:checking '/home/hyeonjoonpark/busan_ws/install/my_pkg' for CMake module files
[1.709s] Level 1:colcon.colcon_core.environment:checking '/home/hyeonjoonpark/busan_ws/install/my_pkg' for CMake config files
[1.709s] Level 1:colcon.colcon_core.environment:checking '/home/hyeonjoonpark/busan_ws/install/my_pkg/lib'
[1.710s] Level 1:colcon.colcon_core.environment:checking '/home/hyeonjoonpark/busan_ws/install/my_pkg/bin'
[1.710s] Level 1:colcon.colcon_core.environment:checking '/home/hyeonjoonpark/busan_ws/install/my_pkg/lib/pkgconfig/my_pkg.pc'
[1.710s] Level 1:colcon.colcon_core.environment:checking '/home/hyeonjoonpark/busan_ws/install/my_pkg/lib/python3.8/site-packages'
[1.710s] Level 1:colcon.colcon_core.shell:create_environment_hook('my_pkg', 'pythonpath')
[1.710s] INFO:colcon.colcon_core.shell:Creating environment hook '/home/hyeonjoonpark/busan_ws/install/my_pkg/share/my_pkg/hook/pythonpath.ps1'
[1.710s] INFO:colcon.colcon_core.shell:Creating environment descriptor '/home/hyeonjoonpark/busan_ws/install/my_pkg/share/my_pkg/hook/pythonpath.dsv'
[1.711s] INFO:colcon.colcon_core.shell:Creating environment hook '/home/hyeonjoonpark/busan_ws/install/my_pkg/share/my_pkg/hook/pythonpath.sh'
[1.711s] Level 1:colcon.colcon_core.environment:checking '/home/hyeonjoonpark/busan_ws/install/my_pkg/bin'
[1.711s] Level 1:colcon.colcon_core.environment:create_environment_scripts_only(my_pkg)
[1.712s] INFO:colcon.colcon_core.shell:Creating package script '/home/hyeonjoonpark/busan_ws/install/my_pkg/share/my_pkg/package.ps1'
[1.712s] INFO:colcon.colcon_core.shell:Creating package descriptor '/home/hyeonjoonpark/busan_ws/install/my_pkg/share/my_pkg/package.dsv'
[1.713s] INFO:colcon.colcon_core.shell:Creating package script '/home/hyeonjoonpark/busan_ws/install/my_pkg/share/my_pkg/package.sh'
[1.714s] INFO:colcon.colcon_core.shell:Creating package script '/home/hyeonjoonpark/busan_ws/install/my_pkg/share/my_pkg/package.bash'
[1.715s] INFO:colcon.colcon_core.shell:Creating package script '/home/hyeonjoonpark/busan_ws/install/my_pkg/share/my_pkg/package.zsh'
[1.715s] Level 1:colcon.colcon_core.environment:create_file_with_runtime_dependencies(/home/hyeonjoonpark/busan_ws/install/my_pkg/share/colcon-core/packages/my_pkg)
[1.716s] DEBUG:colcon.colcon_parallel_executor.executor.parallel:closing loop
[1.716s] DEBUG:colcon.colcon_parallel_executor.executor.parallel:loop closed
[1.716s] DEBUG:colcon.colcon_parallel_executor.executor.parallel:run_until_complete finished with '0'
[1.716s] DEBUG:colcon.colcon_core.event_reactor:joining thread
[1.725s] INFO:colcon.colcon_core.plugin_system:Skipping extension 'colcon_notification.desktop_notification.terminal_notifier': Not used on non-Darwin systems
[1.725s] INFO:colcon.colcon_core.plugin_system:Skipping extension 'colcon_notification.desktop_notification.win32': Not used on non-Windows systems
[1.725s] INFO:colcon.colcon_notification.desktop_notification:Sending desktop notification using 'notify2'
[1.743s] DEBUG:colcon.colcon_core.event_reactor:joined thread
[1.743s] INFO:colcon.colcon_core.shell:Creating prefix script '/home/hyeonjoonpark/busan_ws/install/local_setup.ps1'
[1.744s] INFO:colcon.colcon_core.shell:Creating prefix util module '/home/hyeonjoonpark/busan_ws/install/_local_setup_util_ps1.py'
[1.746s] INFO:colcon.colcon_core.shell:Creating prefix chain script '/home/hyeonjoonpark/busan_ws/install/setup.ps1'
[1.747s] INFO:colcon.colcon_core.shell:Creating prefix script '/home/hyeonjoonpark/busan_ws/install/local_setup.sh'
[1.748s] INFO:colcon.colcon_core.shell:Creating prefix util module '/home/hyeonjoonpark/busan_ws/install/_local_setup_util_sh.py'
[1.748s] INFO:colcon.colcon_core.shell:Creating prefix chain script '/home/hyeonjoonpark/busan_ws/install/setup.sh'
[1.749s] INFO:colcon.colcon_core.shell:Creating prefix script '/home/hyeonjoonpark/busan_ws/install/local_setup.bash'
[1.750s] INFO:colcon.colcon_core.shell:Creating prefix chain script '/home/hyeonjoonpark/busan_ws/install/setup.bash'
[1.750s] INFO:colcon.colcon_core.shell:Creating prefix script '/home/hyeonjoonpark/busan_ws/install/local_setup.zsh'
[1.751s] INFO:colcon.colcon_core.shell:Creating prefix chain script '/home/hyeonjoonpark/busan_ws/install/setup.zsh'
