[0.856s] Invoking command in '/home/hyeonjoonpark/busan_ws/build/turtle_move': PYTHONPATH=/home/hyeonjoonpark/busan_ws/build/turtle_move/prefix_override:/home/hyeonjoonpark/busan_ws/install/turtle_move/lib/python3.8/site-packages:${PYTHONPATH} /usr/bin/python3 -W ignore:setup.py install is deprecated setup.py develop --editable --build-directory /home/hyeonjoonpark/busan_ws/build/turtle_move/build --no-deps symlink_data
[1.093s] running develop
[1.225s] running egg_info
[1.225s] creating turtle_move.egg-info
[1.225s] writing turtle_move.egg-info/PKG-INFO
[1.225s] writing dependency_links to turtle_move.egg-info/dependency_links.txt
[1.226s] writing entry points to turtle_move.egg-info/entry_points.txt
[1.226s] writing requirements to turtle_move.egg-info/requires.txt
[1.226s] writing top-level names to turtle_move.egg-info/top_level.txt
[1.227s] writing manifest file 'turtle_move.egg-info/SOURCES.txt'
[1.258s] reading manifest file 'turtle_move.egg-info/SOURCES.txt'
[1.259s] writing manifest file 'turtle_move.egg-info/SOURCES.txt'
[1.291s] running build_ext
[1.292s] Creating /home/hyeonjoonpark/busan_ws/install/turtle_move/lib/python3.8/site-packages/site.py
[1.294s] Creating /home/hyeonjoonpark/busan_ws/install/turtle_move/lib/python3.8/site-packages/turtle-move.egg-link (link to .)
[1.294s] Installing moveTurtleSim script to /home/hyeonjoonpark/busan_ws/install/turtle_move/lib/turtle_move
[1.295s] 
[1.295s] Installed /home/hyeonjoonpark/busan_ws/build/turtle_move
[1.295s] running symlink_data
[1.295s] creating /home/hyeonjoonpark/busan_ws/install/turtle_move/share/ament_index
[1.295s] creating /home/hyeonjoonpark/busan_ws/install/turtle_move/share/ament_index/resource_index
[1.296s] creating /home/hyeonjoonpark/busan_ws/install/turtle_move/share/ament_index/resource_index/packages
[1.296s] symbolically linking /home/hyeonjoonpark/busan_ws/build/turtle_move/resource/turtle_move -> /home/hyeonjoonpark/busan_ws/install/turtle_move/share/ament_index/resource_index/packages
[1.296s] symbolically linking /home/hyeonjoonpark/busan_ws/build/turtle_move/package.xml -> /home/hyeonjoonpark/busan_ws/install/turtle_move/share/turtle_move
[1.328s] Invoked command in '/home/hyeonjoonpark/busan_ws/build/turtle_move' returned '0': PYTHONPATH=/home/hyeonjoonpark/busan_ws/build/turtle_move/prefix_override:/home/hyeonjoonpark/busan_ws/install/turtle_move/lib/python3.8/site-packages:${PYTHONPATH} /usr/bin/python3 -W ignore:setup.py install is deprecated setup.py develop --editable --build-directory /home/hyeonjoonpark/busan_ws/build/turtle_move/build --no-deps symlink_data
