[0.651s] Invoking command in '/home/hyeonjoonpark/busan_ws/build/my_pkg': PYTHONPATH=/home/hyeonjoonpark/busan_ws/build/my_pkg/prefix_override:/home/hyeonjoonpark/busan_ws/install/my_pkg/lib/python3.8/site-packages:${PYTHONPATH} /usr/bin/python3 -W ignore:setup.py install is deprecated setup.py develop --editable --build-directory /home/hyeonjoonpark/busan_ws/build/my_pkg/build --no-deps symlink_data
[0.896s] running develop
[1.038s] running egg_info
[1.038s] writing my_pkg.egg-info/PKG-INFO
[1.038s] writing dependency_links to my_pkg.egg-info/dependency_links.txt
[1.038s] writing entry points to my_pkg.egg-info/entry_points.txt
[1.039s] writing requirements to my_pkg.egg-info/requires.txt
[1.039s] writing top-level names to my_pkg.egg-info/top_level.txt
[1.071s] reading manifest file 'my_pkg.egg-info/SOURCES.txt'
[1.072s] writing manifest file 'my_pkg.egg-info/SOURCES.txt'
[1.104s] running build_ext
[1.105s] Creating /home/hyeonjoonpark/busan_ws/install/my_pkg/lib/python3.8/site-packages/my-pkg.egg-link (link to .)
[1.105s] Installing simplepub script to /home/hyeonjoonpark/busan_ws/install/my_pkg/lib/my_pkg
[1.106s] Installing simplesub script to /home/hyeonjoonpark/busan_ws/install/my_pkg/lib/my_pkg
[1.106s] Installing simpletimepub script to /home/hyeonjoonpark/busan_ws/install/my_pkg/lib/my_pkg
[1.106s] Installing simpletimesub script to /home/hyeonjoonpark/busan_ws/install/my_pkg/lib/my_pkg
[1.106s] 
[1.106s] Installed /home/hyeonjoonpark/busan_ws/build/my_pkg
[1.106s] running symlink_data
[1.106s] creating /home/hyeonjoonpark/busan_ws/install/my_pkg/share/my_pkg/launch
[1.131s] Invoked command in '/home/hyeonjoonpark/busan_ws/build/my_pkg' returned '0': PYTHONPATH=/home/hyeonjoonpark/busan_ws/build/my_pkg/prefix_override:/home/hyeonjoonpark/busan_ws/install/my_pkg/lib/python3.8/site-packages:${PYTHONPATH} /usr/bin/python3 -W ignore:setup.py install is deprecated setup.py develop --editable --build-directory /home/hyeonjoonpark/busan_ws/build/my_pkg/build --no-deps symlink_data
