[0.000000] (-) TimerEvent: {}
[0.000115] (my_pkg) JobQueued: {'identifier': 'my_pkg', 'dependencies': OrderedDict()}
[0.000146] (turtle_move) JobQueued: {'identifier': 'turtle_move', 'dependencies': OrderedDict()}
[0.000164] (my_pkg) JobStarted: {'identifier': 'my_pkg'}
[0.007986] (turtle_move) JobStarted: {'identifier': 'turtle_move'}
[0.099249] (-) TimerEvent: {}
[0.199696] (-) TimerEvent: {}
[0.300139] (-) TimerEvent: {}
[0.400522] (-) TimerEvent: {}
[0.500791] (-) TimerEvent: {}
[0.601199] (-) TimerEvent: {}
[0.701573] (-) TimerEvent: {}
[0.801907] (-) TimerEvent: {}
[0.858217] (my_pkg) Command: {'cmd': ['/usr/bin/python3', '-W', 'ignore:setup.py install is deprecated', 'setup.py', 'develop', '--editable', '--build-directory', '/home/hyeonjoonpark/busan_ws/build/my_pkg/build', '--no-deps', 'symlink_data'], 'cwd': '/home/hyeonjoonpark/busan_ws/build/my_pkg', 'env': {'USER': 'hyeonjoonpark', 'LC_TIME': 'ko_KR.UTF-8', 'SSH_AGENT_PID': '1536', 'XDG_SESSION_TYPE': 'x11', 'SHLVL': '1', 'LD_LIBRARY_PATH': '/opt/ros/galactic/opt/yaml_cpp_vendor/lib:/opt/ros/galactic/opt/rviz_ogre_vendor/lib:/opt/ros/galactic/lib/x86_64-linux-gnu:/opt/ros/galactic/lib', 'HOME': '/home/hyeonjoonpark', 'OLDPWD': '/home/hyeonjoonpark/busan_ws/src', 'DESKTOP_SESSION': 'ubuntu', 'ROS_PYTHON_VERSION': '3', 'GNOME_SHELL_SESSION_MODE': 'ubuntu', 'GTK_MODULES': 'gail:atk-bridge', 'LC_MONETARY': 'ko_KR.UTF-8', 'MANAGERPID': '1378', 'DBUS_SESSION_BUS_ADDRESS': 'unix:path=/run/user/1000/bus', 'COLORTERM': 'truecolor', 'TERMINATOR_DBUS_NAME': 'net.tenshu.Terminator21a9d5db22c73a993ff0b42f64b396873', 'GIO_LAUNCHED_DESKTOP_FILE_PID': '40461', 'IM_CONFIG_PHASE': '1', 'COLCON_PREFIX_PATH': '/home/hyeonjoonpark/busan_ws/install', 'ROS_DISTRO': 'galactic', 'LOGNAME': 'hyeonjoonpark', 'JOURNAL_STREAM': '8:44470', '_': '/usr/bin/colcon', 'ROS_VERSION': '2', 'XDG_SESSION_CLASS': 'user', 'USERNAME': 'hyeonjoonpark', 'TERM': 'xterm-256color', 'GNOME_DESKTOP_SESSION_ID': 'this-is-deprecated', 'ROS_LOCALHOST_ONLY': '0', 'WINDOWPATH': '2', 'PATH': '/opt/ros/galactic/bin:/home/hyeonjoonpark/.local/bin:/usr/local/sbin:/usr/local/bin:/usr/sbin:/usr/bin:/sbin:/bin:/usr/games:/usr/local/games:/snap/bin', 'SESSION_MANAGER': 'local/hyeonjoonpark-950XDB-951XDB-950XDY:@/tmp/.ICE-unix/1567,unix/hyeonjoonpark-950XDB-951XDB-950XDY:/tmp/.ICE-unix/1567', 'INVOCATION_ID': 'b55254fbcdf8439e8b70c7fdde2a74fd', 'XDG_MENU_PREFIX': 'gnome-', 'LC_ADDRESS': 'ko_KR.UTF-8', 'XDG_RUNTIME_DIR': '/run/user/1000', 'DISPLAY': ':0', 'TERMINATOR_DBUS_PATH': '/net/tenshu/Terminator2', 'LANG': 'en_US.UTF-8', 'XDG_CURRENT_DESKTOP': 'ubuntu:GNOME', 'LC_TELEPHONE': 'ko_KR.UTF-8', 'XMODIFIERS': '@im=ibus', 'XDG_SESSION_DESKTOP': 'ubuntu', 'XAUTHORITY': '/run/user/1000/gdm/Xauthority', 'SSH_AUTH_SOCK': '/run/user/1000/keyring/ssh', 'AMENT_PREFIX_PATH': '/home/hyeonjoonpark/busan_ws/install/my_pkg:/opt/ros/galactic', 'SHELL': '/bin/bash', 'LC_NAME': 'ko_KR.UTF-8', 'TERMINATOR_UUID': 'urn:uuid:b93f2b63-c9d2-4391-9bde-4266b3809bd9', 'QT_ACCESSIBILITY': '1', 'GDMSESSION': 'ubuntu', 'LC_MEASUREMENT': 'ko_KR.UTF-8', 'GPG_AGENT_INFO': '/run/user/1000/gnupg/S.gpg-agent:0:1', 'LC_IDENTIFICATION': 'ko_KR.UTF-8', 'QT_IM_MODULE': 'ibus', 'PWD': '/home/hyeonjoonpark/busan_ws/build/my_pkg', 'XDG_CONFIG_DIRS': '/etc/xdg/xdg-ubuntu:/etc/xdg', 'XDG_DATA_DIRS': '/usr/share/ubuntu:/usr/local/share/:/usr/share/:/var/lib/snapd/desktop', 'PYTHONPATH': '/home/hyeonjoonpark/busan_ws/build/my_pkg/prefix_override:/home/hyeonjoonpark/busan_ws/install/my_pkg/lib/python3.8/site-packages:/home/hyeonjoonpark/busan_ws/build/my_pkg:/home/hyeonjoonpark/busan_ws/install/my_pkg/lib/python3.8/site-packages:/opt/ros/galactic/lib/python3.8/site-packages', 'LC_NUMERIC': 'ko_KR.UTF-8', 'LC_PAPER': 'ko_KR.UTF-8', 'COLCON': '1', 'VTE_VERSION': '6003'}, 'shell': False}
[0.862295] (turtle_move) Command: {'cmd': ['/usr/bin/python3', '-W', 'ignore:setup.py install is deprecated', 'setup.py', 'develop', '--editable', '--build-directory', '/home/hyeonjoonpark/busan_ws/build/turtle_move/build', '--no-deps', 'symlink_data'], 'cwd': '/home/hyeonjoonpark/busan_ws/build/turtle_move', 'env': {'USER': 'hyeonjoonpark', 'LC_TIME': 'ko_KR.UTF-8', 'SSH_AGENT_PID': '1536', 'XDG_SESSION_TYPE': 'x11', 'SHLVL': '1', 'LD_LIBRARY_PATH': '/opt/ros/galactic/opt/yaml_cpp_vendor/lib:/opt/ros/galactic/opt/rviz_ogre_vendor/lib:/opt/ros/galactic/lib/x86_64-linux-gnu:/opt/ros/galactic/lib', 'HOME': '/home/hyeonjoonpark', 'OLDPWD': '/home/hyeonjoonpark/busan_ws/src', 'DESKTOP_SESSION': 'ubuntu', 'ROS_PYTHON_VERSION': '3', 'GNOME_SHELL_SESSION_MODE': 'ubuntu', 'GTK_MODULES': 'gail:atk-bridge', 'LC_MONETARY': 'ko_KR.UTF-8', 'MANAGERPID': '1378', 'DBUS_SESSION_BUS_ADDRESS': 'unix:path=/run/user/1000/bus', 'COLORTERM': 'truecolor', 'TERMINATOR_DBUS_NAME': 'net.tenshu.Terminator21a9d5db22c73a993ff0b42f64b396873', 'GIO_LAUNCHED_DESKTOP_FILE_PID': '40461', 'IM_CONFIG_PHASE': '1', 'COLCON_PREFIX_PATH': '/home/hyeonjoonpark/busan_ws/install', 'ROS_DISTRO': 'galactic', 'LOGNAME': 'hyeonjoonpark', 'JOURNAL_STREAM': '8:44470', '_': '/usr/bin/colcon', 'ROS_VERSION': '2', 'XDG_SESSION_CLASS': 'user', 'USERNAME': 'hyeonjoonpark', 'TERM': 'xterm-256color', 'GNOME_DESKTOP_SESSION_ID': 'this-is-deprecated', 'ROS_LOCALHOST_ONLY': '0', 'WINDOWPATH': '2', 'PATH': '/opt/ros/galactic/bin:/home/hyeonjoonpark/.local/bin:/usr/local/sbin:/usr/local/bin:/usr/sbin:/usr/bin:/sbin:/bin:/usr/games:/usr/local/games:/snap/bin', 'SESSION_MANAGER': 'local/hyeonjoonpark-950XDB-951XDB-950XDY:@/tmp/.ICE-unix/1567,unix/hyeonjoonpark-950XDB-951XDB-950XDY:/tmp/.ICE-unix/1567', 'INVOCATION_ID': 'b55254fbcdf8439e8b70c7fdde2a74fd', 'XDG_MENU_PREFIX': 'gnome-', 'LC_ADDRESS': 'ko_KR.UTF-8', 'XDG_RUNTIME_DIR': '/run/user/1000', 'DISPLAY': ':0', 'TERMINATOR_DBUS_PATH': '/net/tenshu/Terminator2', 'LANG': 'en_US.UTF-8', 'XDG_CURRENT_DESKTOP': 'ubuntu:GNOME', 'LC_TELEPHONE': 'ko_KR.UTF-8', 'XMODIFIERS': '@im=ibus', 'XDG_SESSION_DESKTOP': 'ubuntu', 'XAUTHORITY': '/run/user/1000/gdm/Xauthority', 'SSH_AUTH_SOCK': '/run/user/1000/keyring/ssh', 'AMENT_PREFIX_PATH': '/home/hyeonjoonpark/busan_ws/install/my_pkg:/opt/ros/galactic', 'SHELL': '/bin/bash', 'LC_NAME': 'ko_KR.UTF-8', 'TERMINATOR_UUID': 'urn:uuid:b93f2b63-c9d2-4391-9bde-4266b3809bd9', 'QT_ACCESSIBILITY': '1', 'GDMSESSION': 'ubuntu', 'LC_MEASUREMENT': 'ko_KR.UTF-8', 'GPG_AGENT_INFO': '/run/user/1000/gnupg/S.gpg-agent:0:1', 'LC_IDENTIFICATION': 'ko_KR.UTF-8', 'QT_IM_MODULE': 'ibus', 'PWD': '/home/hyeonjoonpark/busan_ws/build/turtle_move', 'XDG_CONFIG_DIRS': '/etc/xdg/xdg-ubuntu:/etc/xdg', 'XDG_DATA_DIRS': '/usr/share/ubuntu:/usr/local/share/:/usr/share/:/var/lib/snapd/desktop', 'PYTHONPATH': '/home/hyeonjoonpark/busan_ws/build/turtle_move/prefix_override:/home/hyeonjoonpark/busan_ws/install/turtle_move/lib/python3.8/site-packages:/home/hyeonjoonpark/busan_ws/build/my_pkg:/home/hyeonjoonpark/busan_ws/install/my_pkg/lib/python3.8/site-packages:/opt/ros/galactic/lib/python3.8/site-packages', 'LC_NUMERIC': 'ko_KR.UTF-8', 'LC_PAPER': 'ko_KR.UTF-8', 'COLCON': '1', 'VTE_VERSION': '6003'}, 'shell': False}
[0.902112] (-) TimerEvent: {}
[1.002552] (-) TimerEvent: {}
[1.098289] (my_pkg) StdoutLine: {'line': b'running develop\n'}
[1.100741] (turtle_move) StdoutLine: {'line': b'running develop\n'}
[1.102626] (-) TimerEvent: {}
[1.202964] (-) TimerEvent: {}
[1.230668] (my_pkg) StdoutLine: {'line': b'running egg_info\n'}
[1.231004] (my_pkg) StdoutLine: {'line': b'writing my_pkg.egg-info/PKG-INFO\n'}
[1.231212] (my_pkg) StdoutLine: {'line': b'writing dependency_links to my_pkg.egg-info/dependency_links.txt\n'}
[1.231375] (my_pkg) StdoutLine: {'line': b'writing entry points to my_pkg.egg-info/entry_points.txt\n'}
[1.231545] (my_pkg) StdoutLine: {'line': b'writing requirements to my_pkg.egg-info/requires.txt\n'}
[1.231647] (my_pkg) StdoutLine: {'line': b'writing top-level names to my_pkg.egg-info/top_level.txt\n'}
[1.233016] (turtle_move) StdoutLine: {'line': b'running egg_info\n'}
[1.233142] (turtle_move) StdoutLine: {'line': b'creating turtle_move.egg-info\n'}
[1.233303] (turtle_move) StdoutLine: {'line': b'writing turtle_move.egg-info/PKG-INFO\n'}
[1.233550] (turtle_move) StdoutLine: {'line': b'writing dependency_links to turtle_move.egg-info/dependency_links.txt\n'}
[1.233729] (turtle_move) StdoutLine: {'line': b'writing entry points to turtle_move.egg-info/entry_points.txt\n'}
[1.233961] (turtle_move) StdoutLine: {'line': b'writing requirements to turtle_move.egg-info/requires.txt\n'}
[1.234093] (turtle_move) StdoutLine: {'line': b'writing top-level names to turtle_move.egg-info/top_level.txt\n'}
[1.235178] (turtle_move) StdoutLine: {'line': b"writing manifest file 'turtle_move.egg-info/SOURCES.txt'\n"}
[1.263836] (my_pkg) StdoutLine: {'line': b"reading manifest file 'my_pkg.egg-info/SOURCES.txt'\n"}
[1.264458] (my_pkg) StdoutLine: {'line': b"writing manifest file 'my_pkg.egg-info/SOURCES.txt'\n"}
[1.266174] (turtle_move) StdoutLine: {'line': b"reading manifest file 'turtle_move.egg-info/SOURCES.txt'\n"}
[1.266760] (turtle_move) StdoutLine: {'line': b"writing manifest file 'turtle_move.egg-info/SOURCES.txt'\n"}
[1.296877] (my_pkg) StdoutLine: {'line': b'running build_ext\n'}
[1.297158] (my_pkg) StdoutLine: {'line': b'Creating /home/hyeonjoonpark/busan_ws/install/my_pkg/lib/python3.8/site-packages/my-pkg.egg-link (link to .)\n'}
[1.297924] (my_pkg) StdoutLine: {'line': b'Installing simplepub script to /home/hyeonjoonpark/busan_ws/install/my_pkg/lib/my_pkg\n'}
[1.298148] (my_pkg) StdoutLine: {'line': b'Installing simplesub script to /home/hyeonjoonpark/busan_ws/install/my_pkg/lib/my_pkg\n'}
[1.298295] (my_pkg) StdoutLine: {'line': b'Installing simpletimepub script to /home/hyeonjoonpark/busan_ws/install/my_pkg/lib/my_pkg\n'}
[1.298471] (my_pkg) StdoutLine: {'line': b'Installing simpletimesub script to /home/hyeonjoonpark/busan_ws/install/my_pkg/lib/my_pkg\n'}
[1.298649] (my_pkg) StdoutLine: {'line': b'\n'}
[1.298738] (my_pkg) StdoutLine: {'line': b'Installed /home/hyeonjoonpark/busan_ws/build/my_pkg\n'}
[1.298817] (my_pkg) StdoutLine: {'line': b'running symlink_data\n'}
[1.299499] (turtle_move) StdoutLine: {'line': b'running build_ext\n'}
[1.299793] (turtle_move) StdoutLine: {'line': b'Creating /home/hyeonjoonpark/busan_ws/install/turtle_move/lib/python3.8/site-packages/site.py\n'}
[1.301790] (turtle_move) StdoutLine: {'line': b'Creating /home/hyeonjoonpark/busan_ws/install/turtle_move/lib/python3.8/site-packages/turtle-move.egg-link (link to .)\n'}
[1.302563] (turtle_move) StdoutLine: {'line': b'Installing moveTurtleSim script to /home/hyeonjoonpark/busan_ws/install/turtle_move/lib/turtle_move\n'}
[1.302802] (turtle_move) StdoutLine: {'line': b'\n'}
[1.303085] (-) TimerEvent: {}
[1.303267] (turtle_move) StdoutLine: {'line': b'Installed /home/hyeonjoonpark/busan_ws/build/turtle_move\n'}
[1.303422] (turtle_move) StdoutLine: {'line': b'running symlink_data\n'}
[1.303522] (turtle_move) StdoutLine: {'line': b'creating /home/hyeonjoonpark/busan_ws/install/turtle_move/share/ament_index\n'}
[1.303618] (turtle_move) StdoutLine: {'line': b'creating /home/hyeonjoonpark/busan_ws/install/turtle_move/share/ament_index/resource_index\n'}
[1.303711] (turtle_move) StdoutLine: {'line': b'creating /home/hyeonjoonpark/busan_ws/install/turtle_move/share/ament_index/resource_index/packages\n'}
[1.303802] (turtle_move) StdoutLine: {'line': b'symbolically linking /home/hyeonjoonpark/busan_ws/build/turtle_move/resource/turtle_move -> /home/hyeonjoonpark/busan_ws/install/turtle_move/share/ament_index/resource_index/packages\n'}
[1.303896] (turtle_move) StdoutLine: {'line': b'symbolically linking /home/hyeonjoonpark/busan_ws/build/turtle_move/package.xml -> /home/hyeonjoonpark/busan_ws/install/turtle_move/share/turtle_move\n'}
[1.324023] (my_pkg) CommandEnded: {'returncode': 0}
[1.335062] (my_pkg) JobEnded: {'identifier': 'my_pkg', 'rc': 0}
[1.336224] (turtle_move) CommandEnded: {'returncode': 0}
[1.342158] (turtle_move) JobEnded: {'identifier': 'turtle_move', 'rc': 0}
[1.342753] (-) EventReactorShutdown: {}
