[0.000000] (-) TimerEvent: {}
[0.000327] (my_pkg) JobQueued: {'identifier': 'my_pkg', 'dependencies': OrderedDict()}
[0.000367] (my_pkg) JobStarted: {'identifier': 'my_pkg'}
[0.099514] (-) TimerEvent: {}
[0.200061] (-) TimerEvent: {}
[0.300406] (-) TimerEvent: {}
[0.400826] (-) TimerEvent: {}
[0.501258] (-) TimerEvent: {}
[0.601591] (-) TimerEvent: {}
[0.648206] (my_pkg) Command: {'cmd': ['/usr/bin/python3', '-W', 'ignore:setup.py install is deprecated', 'setup.py', 'develop', '--editable', '--build-directory', '/home/hyeonjoonpark/busan_ws/build/my_pkg/build', '--no-deps', 'symlink_data'], 'cwd': '/home/hyeonjoonpark/busan_ws/build/my_pkg', 'env': {'USER': 'hyeonjoonpark', 'LC_TIME': 'ko_KR.UTF-8', 'GIO_MODULE_DIR': '/home/hyeonjoonpark/snap/code/common/.cache/gio-modules', 'SSH_AGENT_PID': '1536', 'XDG_SESSION_TYPE': 'x11', 'GIT_ASKPASS': '/snap/code/157/usr/share/code/resources/app/extensions/git/dist/askpass.sh', 'GTK_EXE_PREFIX_VSCODE_SNAP_ORIG': '', 'GDK_BACKEND_VSCODE_SNAP_ORIG': '', 'SHLVL': '2', 'LD_LIBRARY_PATH': '/opt/ros/galactic/opt/yaml_cpp_vendor/lib:/opt/ros/galactic/opt/rviz_ogre_vendor/lib:/opt/ros/galactic/lib/x86_64-linux-gnu:/opt/ros/galactic/lib', 'HOME': '/home/hyeonjoonpark', 'CHROME_DESKTOP': 'code-url-handler.desktop', 'LOCPATH_VSCODE_SNAP_ORIG': '', 'OLDPWD': '/home/hyeonjoonpark', 'TERM_PROGRAM_VERSION': '1.88.1', 'DESKTOP_SESSION': 'ubuntu', 'GTK_PATH': '/snap/code/157/usr/lib/x86_64-linux-gnu/gtk-3.0', 'GTK_IM_MODULE_FILE': '/home/hyeonjoonpark/snap/code/common/.cache/immodules/immodules.cache', 'ROS_PYTHON_VERSION': '3', 'GNOME_SHELL_SESSION_MODE': 'ubuntu', 'GTK_MODULES': 'gail:atk-bridge', 'GSETTINGS_SCHEMA_DIR_VSCODE_SNAP_ORIG': '', 'VSCODE_GIT_ASKPASS_MAIN': '/snap/code/157/usr/share/code/resources/app/extensions/git/dist/askpass-main.js', 'LC_MONETARY': 'ko_KR.UTF-8', 'VSCODE_GIT_ASKPASS_NODE': '/snap/code/157/usr/share/code/code', 'MANAGERPID': '1378', 'DBUS_SESSION_BUS_ADDRESS': 'unix:path=/run/user/1000/bus', 'COLORTERM': 'truecolor', 'TERMINATOR_DBUS_NAME': 'net.tenshu.Terminator21a9d5db22c73a993ff0b42f64b396873', 'GIO_LAUNCHED_DESKTOP_FILE_PID': '40461', 'IM_CONFIG_PHASE': '1', 'COLCON_PREFIX_PATH': '/home/hyeonjoonpark/busan_ws/install', 'ROS_DISTRO': 'galactic', 'LOGNAME': 'hyeonjoonpark', 'JOURNAL_STREAM': '8:44470', '_': '/usr/bin/colcon', 'ROS_VERSION': '2', 'XDG_CONFIG_DIRS_VSCODE_SNAP_ORIG': '/etc/xdg/xdg-ubuntu:/etc/xdg', 'XDG_SESSION_CLASS': 'user', 'XDG_DATA_DIRS_VSCODE_SNAP_ORIG': '/usr/share/ubuntu:/usr/local/share/:/usr/share/:/var/lib/snapd/desktop', 'USERNAME': 'hyeonjoonpark', 'TERM': 'xterm-256color', 'GNOME_DESKTOP_SESSION_ID': 'this-is-deprecated', 'ROS_LOCALHOST_ONLY': '0', 'WINDOWPATH': '2', 'PATH': '/opt/ros/galactic/bin:/home/hyeonjoonpark/.local/bin:/usr/local/sbin:/usr/local/bin:/usr/sbin:/usr/bin:/sbin:/bin:/usr/games:/usr/local/games:/snap/bin', 'SESSION_MANAGER': 'local/hyeonjoonpark-950XDB-951XDB-950XDY:@/tmp/.ICE-unix/1567,unix/hyeonjoonpark-950XDB-951XDB-950XDY:/tmp/.ICE-unix/1567', 'GTK_EXE_PREFIX': '/snap/code/157/usr', 'INVOCATION_ID': 'b55254fbcdf8439e8b70c7fdde2a74fd', 'XDG_MENU_PREFIX': 'gnome-', 'LC_ADDRESS': 'ko_KR.UTF-8', 'XDG_RUNTIME_DIR': '/run/user/1000', 'GDK_BACKEND': 'x11', 'DISPLAY': ':0', 'LOCPATH': '/snap/code/157/usr/lib/locale', 'TERMINATOR_DBUS_PATH': '/net/tenshu/Terminator2', 'LANG': 'en_US.UTF-8', 'XDG_CURRENT_DESKTOP': 'Unity', 'LC_TELEPHONE': 'ko_KR.UTF-8', 'GIO_MODULE_DIR_VSCODE_SNAP_ORIG': '', 'XMODIFIERS': '@im=ibus', 'XDG_SESSION_DESKTOP': 'ubuntu', 'XAUTHORITY': '/run/user/1000/gdm/Xauthority', 'VSCODE_GIT_IPC_HANDLE': '/run/user/1000/vscode-git-276f0c6b00.sock', 'TERM_PROGRAM': 'vscode', 'SSH_AUTH_SOCK': '/run/user/1000/keyring/ssh', 'GSETTINGS_SCHEMA_DIR': '/home/hyeonjoonpark/snap/code/157/.local/share/glib-2.0/schemas', 'AMENT_PREFIX_PATH': '/home/hyeonjoonpark/busan_ws/install/my_pkg:/opt/ros/galactic', 'ORIGINAL_XDG_CURRENT_DESKTOP': 'ubuntu:GNOME', 'SHELL': '/bin/bash', 'LC_NAME': 'ko_KR.UTF-8', 'TERMINATOR_UUID': 'urn:uuid:b93f2b63-c9d2-4391-9bde-4266b3809bd9', 'QT_ACCESSIBILITY': '1', 'GDMSESSION': 'ubuntu', 'GTK_PATH_VSCODE_SNAP_ORIG': '', 'GTK_IM_MODULE_FILE_VSCODE_SNAP_ORIG': '', 'LC_MEASUREMENT': 'ko_KR.UTF-8', 'GPG_AGENT_INFO': '/run/user/1000/gnupg/S.gpg-agent:0:1', 'LC_IDENTIFICATION': 'ko_KR.UTF-8', 'VSCODE_GIT_ASKPASS_EXTRA_ARGS': '', 'QT_IM_MODULE': 'ibus', 'PWD': '/home/hyeonjoonpark/busan_ws/build/my_pkg', 'XDG_CONFIG_DIRS': '/etc/xdg/xdg-ubuntu:/etc/xdg', 'XDG_DATA_DIRS': '/home/hyeonjoonpark/snap/code/157/.local/share:/home/hyeonjoonpark/snap/code/157:/snap/code/157/usr/share:/usr/share/ubuntu:/usr/local/share/:/usr/share/:/var/lib/snapd/desktop', 'PYTHONPATH': '/home/hyeonjoonpark/busan_ws/build/my_pkg/prefix_override:/home/hyeonjoonpark/busan_ws/install/my_pkg/lib/python3.8/site-packages:/home/hyeonjoonpark/busan_ws/build/my_pkg:/home/hyeonjoonpark/busan_ws/install/my_pkg/lib/python3.8/site-packages:/opt/ros/galactic/lib/python3.8/site-packages', 'LC_NUMERIC': 'ko_KR.UTF-8', 'LC_PAPER': 'ko_KR.UTF-8', 'COLCON': '1', 'VTE_VERSION': '6003'}, 'shell': False}
[0.701818] (-) TimerEvent: {}
[0.802307] (-) TimerEvent: {}
[0.895378] (my_pkg) StdoutLine: {'line': b'running develop\n'}
[0.902402] (-) TimerEvent: {}
[1.002740] (-) TimerEvent: {}
[1.038165] (my_pkg) StdoutLine: {'line': b'running egg_info\n'}
[1.038406] (my_pkg) StdoutLine: {'line': b'writing my_pkg.egg-info/PKG-INFO\n'}
[1.038553] (my_pkg) StdoutLine: {'line': b'writing dependency_links to my_pkg.egg-info/dependency_links.txt\n'}
[1.038732] (my_pkg) StdoutLine: {'line': b'writing entry points to my_pkg.egg-info/entry_points.txt\n'}
[1.038877] (my_pkg) StdoutLine: {'line': b'writing requirements to my_pkg.egg-info/requires.txt\n'}
[1.039003] (my_pkg) StdoutLine: {'line': b'writing top-level names to my_pkg.egg-info/top_level.txt\n'}
[1.071114] (my_pkg) StdoutLine: {'line': b"reading manifest file 'my_pkg.egg-info/SOURCES.txt'\n"}
[1.071837] (my_pkg) StdoutLine: {'line': b"writing manifest file 'my_pkg.egg-info/SOURCES.txt'\n"}
[1.102822] (-) TimerEvent: {}
[1.104651] (my_pkg) StdoutLine: {'line': b'running build_ext\n'}
[1.104933] (my_pkg) StdoutLine: {'line': b'Creating /home/hyeonjoonpark/busan_ws/install/my_pkg/lib/python3.8/site-packages/my-pkg.egg-link (link to .)\n'}
[1.105686] (my_pkg) StdoutLine: {'line': b'Installing simplepub script to /home/hyeonjoonpark/busan_ws/install/my_pkg/lib/my_pkg\n'}
[1.105871] (my_pkg) StdoutLine: {'line': b'Installing simplesub script to /home/hyeonjoonpark/busan_ws/install/my_pkg/lib/my_pkg\n'}
[1.106040] (my_pkg) StdoutLine: {'line': b'Installing simpletimepub script to /home/hyeonjoonpark/busan_ws/install/my_pkg/lib/my_pkg\n'}
[1.106214] (my_pkg) StdoutLine: {'line': b'Installing simpletimesub script to /home/hyeonjoonpark/busan_ws/install/my_pkg/lib/my_pkg\n'}
[1.106374] (my_pkg) StdoutLine: {'line': b'\n'}
[1.106549] (my_pkg) StdoutLine: {'line': b'Installed /home/hyeonjoonpark/busan_ws/build/my_pkg\n'}
[1.106689] (my_pkg) StdoutLine: {'line': b'running symlink_data\n'}
[1.106779] (my_pkg) StdoutLine: {'line': b'creating /home/hyeonjoonpark/busan_ws/install/my_pkg/share/my_pkg/launch\n'}
[1.130732] (my_pkg) CommandEnded: {'returncode': 0}
[1.143106] (my_pkg) JobEnded: {'identifier': 'my_pkg', 'rc': 0}
[1.143899] (-) EventReactorShutdown: {}
